Arguments: 
  /Users/christophersastropranoto/.nvm/versions/node/v14.16.1/bin/node /usr/local/Cellar/yarn/1.22.10/libexec/bin/yarn.js

PATH: 
  /Users/christophersastropranoto/Documents/chainlink:/Users/christophersastropranoto/.nvm/versions/node/v14.16.1/bin:/usr/local/bin:/usr/bin:/bin:/usr/sbin:/sbin:/usr/local/go/bin:/Users/christophersastropranoto/Documents/chainlink:/Users/christophersastropranoto/.nvm/versions/node/v14.16.1/bin:/Users/christophersastropranoto/Documents/go/bin:/Users/christophersastropranoto/Documents/go/bin

Yarn version: 
  1.22.10

Node version: 
  14.16.1

Platform: 
  darwin x64

Trace: 
  SyntaxError: /Users/christophersastropranoto/Documents/ccip-optimism/package.json: Unexpected token } in JSON at position 356
      at JSON.parse (<anonymous>)
      at /usr/local/Cellar/yarn/1.22.10/libexec/lib/cli.js:1625:59
      at Generator.next (<anonymous>)
      at step (/usr/local/Cellar/yarn/1.22.10/libexec/lib/cli.js:310:30)
      at /usr/local/Cellar/yarn/1.22.10/libexec/lib/cli.js:321:13

npm manifest: 
  {
    "name": "ccip-optimism",
    "version": "1.0.0",
    "description": "Utility functions for optimism",
    "main": "dist/index.js",
    "license": "MIT",
    "devDependencies": {
      "typescript": "^4.5.4"
    },
    "dependencies": {
      "@ethersproject/abi": "^5.5.0",
      "@ethersproject/bytes": "^5.5.0",
      "ethers": "^5.4.6",
      "merkletreejs": "^0.2.18",
    },
    "types": "dist/index.d.ts",
    "files": [
      "/dist"
    ],
    "scripts": {
      "build": "tsc -p tsconfig.json"
    }
  }

yarn manifest: 
  No manifest

Lockfile: 
  # THIS IS AN AUTOGENERATED FILE. DO NOT EDIT THIS FILE DIRECTLY.
  # yarn lockfile v1
  
  
  typescript@^4.5.4:
    version "4.5.4"
    resolved "https://registry.yarnpkg.com/typescript/-/typescript-4.5.4.tgz#a17d3a0263bf5c8723b9c52f43c5084edf13c2e8"
    integrity sha512-VgYs2A2QIRuGphtzFV7aQJduJ2gyfTljngLzjpfW9FoYZF6xuw1W0vW9ghCKLfcWrCFxK81CSGRAvS1pn4fIUg==
